<?xml version="1.0" encoding="UTF-8"?>
<Site BuildName="(empty)"
	BuildStamp="20241002-1601-Experimental"
	Name="(empty)"
	Generator="ctest-3.30.1"
	CompilerName=""
	CompilerVersion=""
	OSName="Windows"
	Hostname="SMA-PC"
	OSRelease=" Professional"
	OSVersion=" (Build 22631)"
	OSPlatform="AMD64"
	Is64Bits="1"
	VendorString="GenuineIntel"
	VendorID="Intel Corporation"
	FamilyID="6"
	ModelID="12"
	ProcessorCacheSize="-1"
	NumberOfLogicalCPU="8"
	NumberOfPhysicalCPU="4"
	TotalVirtualMemory="32997"
	TotalPhysicalMemory="16078"
	LogicalProcessorsPerPhysical="2"
	ProcessorClockFrequency="2419"
	>
	<Testing>
		<StartDateTime>Oct 02 23:28 SE Asia Standard Time</StartDateTime>
		<StartTestTime>1727886536</StartTestTime>
		<TestList/>
		<EndDateTime>Oct 02 23:28 SE Asia Standard Time</EndDateTime>
		<EndTestTime>1727886536</EndTestTime>
		<ElapsedMinutes>0</ElapsedMinutes>
	</Testing>
</Site>
